2020-02-23 16:59:02 DEBUG [*******************New Begin***********************]
2020-02-23 16:59:02 DEBUG [devfeel.dotlog [0.9.4] InitConfig success]
2020-02-23 16:59:02 DEBUG [RegisterUserVar success - total: 7]
2020-02-23 16:59:02 DEBUG [InitFileTargets success - total: 1]
2020-02-23 16:59:02 DEBUG [InitUdpTargets success - total: 1]
2020-02-23 16:59:02 DEBUG [InitHttpTargets success - total: 1]
2020-02-23 16:59:02 DEBUG [InitEMailTargets success - total: 1]
2020-02-23 16:59:02 DEBUG [InitFmtTargets success - total: 0]
2020-02-23 16:59:02 DEBUG [InitLogger success - total: 3]
2020-02-23 17:00:59 DEBUG [*******************New Begin***********************]
2020-02-23 17:00:59 DEBUG [devfeel.dotlog [0.9.4] InitConfig success]
2020-02-23 17:00:59 DEBUG [RegisterUserVar success - total: 7]
2020-02-23 17:00:59 DEBUG [InitFileTargets success - total: 1]
2020-02-23 17:00:59 DEBUG [InitUdpTargets success - total: 1]
2020-02-23 17:00:59 DEBUG [InitHttpTargets success - total: 1]
2020-02-23 17:00:59 DEBUG [InitEMailTargets success - total: 1]
2020-02-23 17:00:59 DEBUG [InitFmtTargets success - total: 0]
2020-02-23 17:00:59 DEBUG [InitLogger success - total: 3]
2020-02-23 17:01:10 DEBUG [*******************New Begin***********************]
2020-02-23 17:01:10 DEBUG [devfeel.dotlog [0.9.4] InitConfig success]
2020-02-23 17:01:10 DEBUG [RegisterUserVar success - total: 7]
2020-02-23 17:01:10 DEBUG [InitFileTargets success - total: 1]
2020-02-23 17:01:10 DEBUG [InitUdpTargets success - total: 1]
2020-02-23 17:01:10 DEBUG [InitHttpTargets success - total: 1]
2020-02-23 17:01:10 DEBUG [InitEMailTargets success - total: 1]
2020-02-23 17:01:10 DEBUG [InitFmtTargets success - total: 0]
2020-02-23 17:01:10 DEBUG [InitLogger success - total: 3]
2020-02-23 17:01:35 DEBUG [*******************New Begin***********************]
2020-02-23 17:01:35 DEBUG [devfeel.dotlog [0.9.4] InitConfig success]
2020-02-23 17:01:35 DEBUG [RegisterUserVar success - total: 7]
2020-02-23 17:01:35 DEBUG [InitFileTargets success - total: 1]
2020-02-23 17:01:35 DEBUG [InitUdpTargets success - total: 1]
2020-02-23 17:01:35 DEBUG [InitHttpTargets success - total: 1]
2020-02-23 17:01:35 DEBUG [InitEMailTargets success - total: 1]
2020-02-23 17:01:35 DEBUG [InitFmtTargets success - total: 0]
2020-02-23 17:01:35 DEBUG [InitLogger success - total: 3]
2020-02-23 17:02:29 DEBUG [*******************New Begin***********************]
2020-02-23 17:02:29 DEBUG [devfeel.dotlog [0.9.4] InitConfig success]
2020-02-23 17:02:29 DEBUG [RegisterUserVar success - total: 7]
2020-02-23 17:02:29 DEBUG [InitFileTargets success - total: 1]
2020-02-23 17:02:29 DEBUG [InitUdpTargets success - total: 1]
2020-02-23 17:02:29 DEBUG [InitHttpTargets success - total: 1]
2020-02-23 17:02:29 DEBUG [InitEMailTargets success - total: 1]
2020-02-23 17:02:29 DEBUG [InitFmtTargets success - total: 0]
2020-02-23 17:02:29 DEBUG [InitLogger success - total: 3]
2020-02-23 17:47:09 DEBUG [*******************New Begin***********************]
2020-02-23 17:47:09 DEBUG [devfeel.dotlog [0.9.4] InitConfig success]
2020-02-23 17:47:09 DEBUG [RegisterUserVar success - total: 7]
2020-02-23 17:47:09 DEBUG [InitFileTargets success - total: 1]
2020-02-23 17:47:09 DEBUG [InitUdpTargets success - total: 1]
2020-02-23 17:47:09 DEBUG [InitHttpTargets success - total: 1]
2020-02-23 17:47:09 DEBUG [InitEMailTargets success - total: 1]
2020-02-23 17:47:09 DEBUG [InitFmtTargets success - total: 0]
2020-02-23 17:47:09 DEBUG [InitLogger success - total: 3]
2020-02-23 23:43:51 DEBUG [*******************New Begin***********************]
2020-02-23 23:43:51 DEBUG [devfeel.dotlog [0.9.4] InitConfig success]
2020-02-23 23:43:51 DEBUG [RegisterUserVar success - total: 7]
2020-02-23 23:43:51 DEBUG [InitFileTargets success - total: 1]
2020-02-23 23:43:51 DEBUG [InitUdpTargets success - total: 1]
2020-02-23 23:43:51 DEBUG [InitHttpTargets success - total: 1]
2020-02-23 23:43:51 DEBUG [InitEMailTargets success - total: 1]
2020-02-23 23:43:51 DEBUG [InitFmtTargets success - total: 0]
2020-02-23 23:43:51 DEBUG [InitLogger success - total: 3]
2020-02-23 23:44:24 DEBUG [*******************New Begin***********************]
2020-02-23 23:44:24 DEBUG [devfeel.dotlog [0.9.4] InitConfig success]
2020-02-23 23:44:24 DEBUG [RegisterUserVar success - total: 7]
2020-02-23 23:44:24 DEBUG [InitFileTargets success - total: 1]
2020-02-23 23:44:24 DEBUG [InitUdpTargets success - total: 1]
2020-02-23 23:44:24 DEBUG [InitHttpTargets success - total: 1]
2020-02-23 23:44:24 DEBUG [InitEMailTargets success - total: 1]
2020-02-23 23:44:24 DEBUG [InitFmtTargets success - total: 0]
2020-02-23 23:44:24 DEBUG [InitLogger success - total: 3]
2020-02-23 23:44:57 DEBUG [*******************New Begin***********************]
2020-02-23 23:44:57 DEBUG [devfeel.dotlog [0.9.4] InitConfig success]
2020-02-23 23:44:57 DEBUG [RegisterUserVar success - total: 7]
2020-02-23 23:44:57 DEBUG [InitFileTargets success - total: 1]
2020-02-23 23:44:57 DEBUG [InitUdpTargets success - total: 1]
2020-02-23 23:44:57 DEBUG [InitHttpTargets success - total: 1]
2020-02-23 23:44:57 DEBUG [InitEMailTargets success - total: 1]
2020-02-23 23:44:57 DEBUG [InitFmtTargets success - total: 0]
2020-02-23 23:44:57 DEBUG [InitLogger success - total: 3]
2020-02-23 23:45:28 DEBUG [*******************New Begin***********************]
2020-02-23 23:45:28 DEBUG [devfeel.dotlog [0.9.4] InitConfig success]
2020-02-23 23:45:28 DEBUG [RegisterUserVar success - total: 7]
2020-02-23 23:45:28 DEBUG [InitFileTargets success - total: 1]
2020-02-23 23:45:28 DEBUG [InitUdpTargets success - total: 1]
2020-02-23 23:45:28 DEBUG [InitHttpTargets success - total: 1]
2020-02-23 23:45:28 DEBUG [InitEMailTargets success - total: 1]
2020-02-23 23:45:28 DEBUG [InitFmtTargets success - total: 0]
2020-02-23 23:45:28 DEBUG [InitLogger success - total: 3]
2020-02-23 23:45:31 DEBUG [*******************New Begin***********************]
2020-02-23 23:45:31 DEBUG [devfeel.dotlog [0.9.4] InitConfig success]
2020-02-23 23:45:31 DEBUG [RegisterUserVar success - total: 7]
2020-02-23 23:45:31 DEBUG [InitFileTargets success - total: 1]
2020-02-23 23:45:31 DEBUG [InitUdpTargets success - total: 1]
2020-02-23 23:45:31 DEBUG [InitHttpTargets success - total: 1]
2020-02-23 23:45:31 DEBUG [InitEMailTargets success - total: 1]
2020-02-23 23:45:31 DEBUG [InitFmtTargets success - total: 0]
2020-02-23 23:45:31 DEBUG [InitLogger success - total: 3]
2020-02-23 23:45:55 DEBUG [*******************New Begin***********************]
2020-02-23 23:45:55 DEBUG [devfeel.dotlog [0.9.4] InitConfig success]
2020-02-23 23:45:55 DEBUG [RegisterUserVar success - total: 7]
2020-02-23 23:45:55 DEBUG [InitFileTargets success - total: 1]
2020-02-23 23:45:55 DEBUG [InitUdpTargets success - total: 1]
2020-02-23 23:45:55 DEBUG [InitHttpTargets success - total: 1]
2020-02-23 23:45:55 DEBUG [InitEMailTargets success - total: 1]
2020-02-23 23:45:55 DEBUG [InitFmtTargets success - total: 0]
2020-02-23 23:45:55 DEBUG [InitLogger success - total: 3]
2020-02-24 00:07:05 DEBUG [*******************New Begin***********************]
2020-02-24 00:07:05 DEBUG [devfeel.dotlog [0.9.4] InitConfig success]
2020-02-24 00:07:05 DEBUG [RegisterUserVar success - total: 7]
2020-02-24 00:07:05 DEBUG [InitFileTargets success - total: 1]
2020-02-24 00:07:05 DEBUG [InitUdpTargets success - total: 1]
2020-02-24 00:07:05 DEBUG [InitHttpTargets success - total: 1]
2020-02-24 00:07:05 DEBUG [InitEMailTargets success - total: 1]
2020-02-24 00:07:05 DEBUG [InitFmtTargets success - total: 0]
2020-02-24 00:07:05 DEBUG [InitLogger success - total: 3]
2020-02-24 00:07:52 DEBUG [*******************New Begin***********************]
2020-02-24 00:07:52 DEBUG [devfeel.dotlog [0.9.4] InitConfig success]
2020-02-24 00:07:52 DEBUG [RegisterUserVar success - total: 7]
2020-02-24 00:07:52 DEBUG [InitFileTargets success - total: 1]
2020-02-24 00:07:52 DEBUG [InitUdpTargets success - total: 1]
2020-02-24 00:07:52 DEBUG [InitHttpTargets success - total: 1]
2020-02-24 00:07:52 DEBUG [InitEMailTargets success - total: 1]
2020-02-24 00:07:52 DEBUG [InitFmtTargets success - total: 0]
2020-02-24 00:07:52 DEBUG [InitLogger success - total: 3]
2020-02-24 00:08:01 DEBUG [*******************New Begin***********************]
2020-02-24 00:08:01 DEBUG [devfeel.dotlog [0.9.4] InitConfig success]
2020-02-24 00:08:01 DEBUG [RegisterUserVar success - total: 7]
2020-02-24 00:08:01 DEBUG [InitFileTargets success - total: 1]
2020-02-24 00:08:01 DEBUG [InitUdpTargets success - total: 1]
2020-02-24 00:08:01 DEBUG [InitHttpTargets success - total: 1]
2020-02-24 00:08:01 DEBUG [InitEMailTargets success - total: 1]
2020-02-24 00:08:01 DEBUG [InitFmtTargets success - total: 0]
2020-02-24 00:08:01 DEBUG [InitLogger success - total: 3]
2020-02-24 00:09:00 DEBUG [*******************New Begin***********************]
2020-02-24 00:09:00 DEBUG [devfeel.dotlog [0.9.4] InitConfig success]
2020-02-24 00:09:00 DEBUG [RegisterUserVar success - total: 7]
2020-02-24 00:09:00 DEBUG [InitFileTargets success - total: 1]
2020-02-24 00:09:00 DEBUG [InitUdpTargets success - total: 1]
2020-02-24 00:09:00 DEBUG [InitHttpTargets success - total: 1]
2020-02-24 00:09:00 DEBUG [InitEMailTargets success - total: 1]
2020-02-24 00:09:00 DEBUG [InitFmtTargets success - total: 0]
2020-02-24 00:09:00 DEBUG [InitLogger success - total: 3]
2020-02-24 00:09:32 DEBUG [*******************New Begin***********************]
2020-02-24 00:09:32 DEBUG [devfeel.dotlog [0.9.4] InitConfig success]
2020-02-24 00:09:32 DEBUG [RegisterUserVar success - total: 7]
2020-02-24 00:09:32 DEBUG [InitFileTargets success - total: 1]
2020-02-24 00:09:32 DEBUG [InitUdpTargets success - total: 1]
2020-02-24 00:09:32 DEBUG [InitHttpTargets success - total: 1]
2020-02-24 00:09:32 DEBUG [InitEMailTargets success - total: 1]
2020-02-24 00:09:32 DEBUG [InitFmtTargets success - total: 0]
2020-02-24 00:09:32 DEBUG [InitLogger success - total: 3]
2020-02-24 00:09:48 DEBUG [*******************New Begin***********************]
2020-02-24 00:09:48 DEBUG [devfeel.dotlog [0.9.4] InitConfig success]
2020-02-24 00:09:48 DEBUG [RegisterUserVar success - total: 7]
2020-02-24 00:09:48 DEBUG [InitFileTargets success - total: 1]
2020-02-24 00:09:48 DEBUG [InitUdpTargets success - total: 1]
2020-02-24 00:09:48 DEBUG [InitHttpTargets success - total: 1]
2020-02-24 00:09:48 DEBUG [InitEMailTargets success - total: 1]
2020-02-24 00:09:48 DEBUG [InitFmtTargets success - total: 0]
2020-02-24 00:09:48 DEBUG [InitLogger success - total: 3]
2020-02-24 00:10:10 DEBUG [*******************New Begin***********************]
2020-02-24 00:10:10 DEBUG [devfeel.dotlog [0.9.4] InitConfig success]
2020-02-24 00:10:10 DEBUG [RegisterUserVar success - total: 7]
2020-02-24 00:10:10 DEBUG [InitFileTargets success - total: 1]
2020-02-24 00:10:10 DEBUG [InitUdpTargets success - total: 1]
2020-02-24 00:10:10 DEBUG [InitHttpTargets success - total: 1]
2020-02-24 00:10:10 DEBUG [InitEMailTargets success - total: 1]
2020-02-24 00:10:10 DEBUG [InitFmtTargets success - total: 0]
2020-02-24 00:10:10 DEBUG [InitLogger success - total: 3]
2020-02-24 00:10:58 DEBUG [*******************New Begin***********************]
2020-02-24 00:10:58 DEBUG [devfeel.dotlog [0.9.4] InitConfig success]
2020-02-24 00:10:58 DEBUG [RegisterUserVar success - total: 7]
2020-02-24 00:10:58 DEBUG [InitFileTargets success - total: 1]
2020-02-24 00:10:58 DEBUG [InitUdpTargets success - total: 1]
2020-02-24 00:10:58 DEBUG [InitHttpTargets success - total: 1]
2020-02-24 00:10:58 DEBUG [InitEMailTargets success - total: 1]
2020-02-24 00:10:58 DEBUG [InitFmtTargets success - total: 0]
2020-02-24 00:10:58 DEBUG [InitLogger success - total: 3]
2020-02-24 00:19:39 DEBUG [*******************New Begin***********************]
2020-02-24 00:19:39 DEBUG [devfeel.dotlog [0.9.4] InitConfig success]
2020-02-24 00:19:39 DEBUG [RegisterUserVar success - total: 7]
2020-02-24 00:19:39 DEBUG [InitFileTargets success - total: 1]
2020-02-24 00:19:39 DEBUG [InitUdpTargets success - total: 1]
2020-02-24 00:19:39 DEBUG [InitHttpTargets success - total: 1]
2020-02-24 00:19:39 DEBUG [InitEMailTargets success - total: 1]
2020-02-24 00:19:39 DEBUG [InitFmtTargets success - total: 0]
2020-02-24 00:19:39 DEBUG [InitLogger success - total: 3]
2020-02-24 00:19:53 DEBUG [*******************New Begin***********************]
2020-02-24 00:19:53 DEBUG [devfeel.dotlog [0.9.4] InitConfig success]
2020-02-24 00:19:53 DEBUG [RegisterUserVar success - total: 7]
2020-02-24 00:19:53 DEBUG [InitFileTargets success - total: 1]
2020-02-24 00:19:53 DEBUG [InitUdpTargets success - total: 1]
2020-02-24 00:19:53 DEBUG [InitHttpTargets success - total: 1]
2020-02-24 00:19:53 DEBUG [InitEMailTargets success - total: 1]
2020-02-24 00:19:53 DEBUG [InitFmtTargets success - total: 0]
2020-02-24 00:19:53 DEBUG [InitLogger success - total: 3]
2020-02-24 00:29:53 DEBUG [*******************New Begin***********************]
2020-02-24 00:29:53 DEBUG [devfeel.dotlog [0.9.4] InitConfig success]
2020-02-24 00:29:53 DEBUG [RegisterUserVar success - total: 7]
2020-02-24 00:29:53 DEBUG [InitFileTargets success - total: 1]
2020-02-24 00:29:53 DEBUG [InitUdpTargets success - total: 1]
2020-02-24 00:29:53 DEBUG [InitHttpTargets success - total: 1]
2020-02-24 00:29:53 DEBUG [InitEMailTargets success - total: 1]
2020-02-24 00:29:53 DEBUG [InitFmtTargets success - total: 0]
2020-02-24 00:29:53 DEBUG [InitLogger success - total: 3]
2020-02-24 00:31:18 DEBUG [*******************New Begin***********************]
2020-02-24 00:31:18 DEBUG [devfeel.dotlog [0.9.4] InitConfig success]
2020-02-24 00:31:18 DEBUG [RegisterUserVar success - total: 7]
2020-02-24 00:31:18 DEBUG [InitFileTargets success - total: 1]
2020-02-24 00:31:18 DEBUG [InitUdpTargets success - total: 1]
2020-02-24 00:31:18 DEBUG [InitHttpTargets success - total: 1]
2020-02-24 00:31:18 DEBUG [InitEMailTargets success - total: 1]
2020-02-24 00:31:18 DEBUG [InitFmtTargets success - total: 0]
2020-02-24 00:31:18 DEBUG [InitLogger success - total: 3]
2020-02-24 00:31:57 DEBUG [*******************New Begin***********************]
2020-02-24 00:31:57 DEBUG [devfeel.dotlog [0.9.4] InitConfig success]
2020-02-24 00:31:57 DEBUG [RegisterUserVar success - total: 7]
2020-02-24 00:31:57 DEBUG [InitFileTargets success - total: 1]
2020-02-24 00:31:57 DEBUG [InitUdpTargets success - total: 1]
2020-02-24 00:31:57 DEBUG [InitHttpTargets success - total: 1]
2020-02-24 00:31:57 DEBUG [InitEMailTargets success - total: 1]
2020-02-24 00:31:57 DEBUG [InitFmtTargets success - total: 0]
2020-02-24 00:31:57 DEBUG [InitLogger success - total: 3]
2020-02-24 00:34:08 DEBUG [*******************New Begin***********************]
2020-02-24 00:34:08 DEBUG [devfeel.dotlog [0.9.4] InitConfig success]
2020-02-24 00:34:08 DEBUG [RegisterUserVar success - total: 7]
2020-02-24 00:34:08 DEBUG [InitFileTargets success - total: 1]
2020-02-24 00:34:08 DEBUG [InitUdpTargets success - total: 1]
2020-02-24 00:34:08 DEBUG [InitHttpTargets success - total: 1]
2020-02-24 00:34:08 DEBUG [InitEMailTargets success - total: 1]
2020-02-24 00:34:08 DEBUG [InitFmtTargets success - total: 0]
2020-02-24 00:34:08 DEBUG [InitLogger success - total: 3]
2020-02-24 00:34:39 DEBUG [*******************New Begin***********************]
2020-02-24 00:34:39 DEBUG [devfeel.dotlog [0.9.4] InitConfig success]
2020-02-24 00:34:39 DEBUG [RegisterUserVar success - total: 7]
2020-02-24 00:34:39 DEBUG [InitFileTargets success - total: 1]
2020-02-24 00:34:39 DEBUG [InitUdpTargets success - total: 1]
2020-02-24 00:34:39 DEBUG [InitHttpTargets success - total: 1]
2020-02-24 00:34:39 DEBUG [InitEMailTargets success - total: 1]
2020-02-24 00:34:39 DEBUG [InitFmtTargets success - total: 0]
2020-02-24 00:34:39 DEBUG [InitLogger success - total: 3]
2020-02-24 00:36:35 DEBUG [*******************New Begin***********************]
2020-02-24 00:36:35 DEBUG [devfeel.dotlog [0.9.4] InitConfig success]
2020-02-24 00:36:35 DEBUG [RegisterUserVar success - total: 7]
2020-02-24 00:36:35 DEBUG [InitFileTargets success - total: 1]
2020-02-24 00:36:35 DEBUG [InitUdpTargets success - total: 1]
2020-02-24 00:36:35 DEBUG [InitHttpTargets success - total: 1]
2020-02-24 00:36:35 DEBUG [InitEMailTargets success - total: 1]
2020-02-24 00:36:35 DEBUG [InitFmtTargets success - total: 0]
2020-02-24 00:36:35 DEBUG [InitLogger success - total: 3]
2020-02-24 00:37:42 DEBUG [*******************New Begin***********************]
2020-02-24 00:37:42 DEBUG [devfeel.dotlog [0.9.4] InitConfig success]
2020-02-24 00:37:42 DEBUG [RegisterUserVar success - total: 7]
2020-02-24 00:37:42 DEBUG [InitFileTargets success - total: 1]
2020-02-24 00:37:42 DEBUG [InitUdpTargets success - total: 1]
2020-02-24 00:37:42 DEBUG [InitHttpTargets success - total: 1]
2020-02-24 00:37:42 DEBUG [InitEMailTargets success - total: 1]
2020-02-24 00:37:42 DEBUG [InitFmtTargets success - total: 0]
2020-02-24 00:37:42 DEBUG [InitLogger success - total: 3]
2020-02-24 00:38:05 DEBUG [*******************New Begin***********************]
2020-02-24 00:38:05 DEBUG [devfeel.dotlog [0.9.4] InitConfig success]
2020-02-24 00:38:05 DEBUG [RegisterUserVar success - total: 7]
2020-02-24 00:38:05 DEBUG [InitFileTargets success - total: 1]
2020-02-24 00:38:05 DEBUG [InitUdpTargets success - total: 1]
2020-02-24 00:38:05 DEBUG [InitHttpTargets success - total: 1]
2020-02-24 00:38:05 DEBUG [InitEMailTargets success - total: 1]
2020-02-24 00:38:05 DEBUG [InitFmtTargets success - total: 0]
2020-02-24 00:38:05 DEBUG [InitLogger success - total: 3]
2020-02-24 00:40:32 DEBUG [*******************New Begin***********************]
2020-02-24 00:40:32 DEBUG [devfeel.dotlog [0.9.4] InitConfig success]
2020-02-24 00:40:32 DEBUG [RegisterUserVar success - total: 7]
2020-02-24 00:40:32 DEBUG [InitFileTargets success - total: 1]
2020-02-24 00:40:32 DEBUG [InitUdpTargets success - total: 1]
2020-02-24 00:40:32 DEBUG [InitHttpTargets success - total: 1]
2020-02-24 00:40:32 DEBUG [InitEMailTargets success - total: 1]
2020-02-24 00:40:32 DEBUG [InitFmtTargets success - total: 0]
2020-02-24 00:40:32 DEBUG [InitLogger success - total: 3]
2020-02-24 00:48:11 DEBUG [*******************New Begin***********************]
2020-02-24 00:48:11 DEBUG [devfeel.dotlog [0.9.4] InitConfig success]
2020-02-24 00:48:11 DEBUG [RegisterUserVar success - total: 7]
2020-02-24 00:48:11 DEBUG [InitFileTargets success - total: 1]
2020-02-24 00:48:11 DEBUG [InitUdpTargets success - total: 1]
2020-02-24 00:48:11 DEBUG [InitHttpTargets success - total: 1]
2020-02-24 00:48:11 DEBUG [InitEMailTargets success - total: 1]
2020-02-24 00:48:11 DEBUG [InitFmtTargets success - total: 0]
2020-02-24 00:48:11 DEBUG [InitLogger success - total: 3]
2020-02-24 00:49:11 DEBUG [*******************New Begin***********************]
2020-02-24 00:49:11 DEBUG [devfeel.dotlog [0.9.4] InitConfig success]
2020-02-24 00:49:11 DEBUG [RegisterUserVar success - total: 7]
2020-02-24 00:49:11 DEBUG [InitFileTargets success - total: 1]
2020-02-24 00:49:11 DEBUG [InitUdpTargets success - total: 1]
2020-02-24 00:49:11 DEBUG [InitHttpTargets success - total: 1]
2020-02-24 00:49:11 DEBUG [InitEMailTargets success - total: 1]
2020-02-24 00:49:11 DEBUG [InitFmtTargets success - total: 0]
2020-02-24 00:49:11 DEBUG [InitLogger success - total: 3]
2020-02-24 00:49:31 DEBUG [*******************New Begin***********************]
2020-02-24 00:49:31 DEBUG [devfeel.dotlog [0.9.4] InitConfig success]
2020-02-24 00:49:31 DEBUG [RegisterUserVar success - total: 7]
2020-02-24 00:49:31 DEBUG [InitFileTargets success - total: 1]
2020-02-24 00:49:31 DEBUG [InitUdpTargets success - total: 1]
2020-02-24 00:49:31 DEBUG [InitHttpTargets success - total: 1]
2020-02-24 00:49:31 DEBUG [InitEMailTargets success - total: 1]
2020-02-24 00:49:31 DEBUG [InitFmtTargets success - total: 0]
2020-02-24 00:49:31 DEBUG [InitLogger success - total: 3]
2020-02-24 22:22:59 DEBUG [*******************New Begin***********************]
2020-02-24 22:22:59 DEBUG [devfeel.dotlog [0.9.4] InitConfig success]
2020-02-24 22:22:59 DEBUG [RegisterUserVar success - total: 7]
2020-02-24 22:22:59 DEBUG [InitFileTargets success - total: 1]
2020-02-24 22:22:59 DEBUG [InitUdpTargets success - total: 1]
2020-02-24 22:22:59 DEBUG [InitHttpTargets success - total: 1]
2020-02-24 22:22:59 DEBUG [InitEMailTargets success - total: 1]
2020-02-24 22:22:59 DEBUG [InitFmtTargets success - total: 0]
2020-02-24 22:22:59 DEBUG [InitLogger success - total: 3]
2020-02-24 23:15:16 DEBUG [*******************New Begin***********************]
2020-02-24 23:15:16 DEBUG [devfeel.dotlog [0.9.4] InitConfig success]
2020-02-24 23:15:16 DEBUG [RegisterUserVar success - total: 7]
2020-02-24 23:15:16 DEBUG [InitFileTargets success - total: 1]
2020-02-24 23:15:16 DEBUG [InitUdpTargets success - total: 1]
2020-02-24 23:15:16 DEBUG [InitHttpTargets success - total: 1]
2020-02-24 23:15:16 DEBUG [InitEMailTargets success - total: 1]
2020-02-24 23:15:16 DEBUG [InitFmtTargets success - total: 0]
2020-02-24 23:15:16 DEBUG [InitLogger success - total: 3]
2020-02-24 23:16:05 DEBUG [*******************New Begin***********************]
2020-02-24 23:16:05 DEBUG [devfeel.dotlog [0.9.4] InitConfig success]
2020-02-24 23:16:05 DEBUG [RegisterUserVar success - total: 7]
2020-02-24 23:16:05 DEBUG [InitFileTargets success - total: 1]
2020-02-24 23:16:05 DEBUG [InitUdpTargets success - total: 1]
2020-02-24 23:16:05 DEBUG [InitHttpTargets success - total: 1]
2020-02-24 23:16:05 DEBUG [InitEMailTargets success - total: 1]
2020-02-24 23:16:05 DEBUG [InitFmtTargets success - total: 0]
2020-02-24 23:16:05 DEBUG [InitLogger success - total: 3]
2020-02-24 23:17:42 DEBUG [*******************New Begin***********************]
2020-02-24 23:17:42 DEBUG [devfeel.dotlog [0.9.4] InitConfig success]
2020-02-24 23:17:42 DEBUG [RegisterUserVar success - total: 7]
2020-02-24 23:17:42 DEBUG [InitFileTargets success - total: 1]
2020-02-24 23:17:42 DEBUG [InitUdpTargets success - total: 1]
2020-02-24 23:17:42 DEBUG [InitHttpTargets success - total: 1]
2020-02-24 23:17:42 DEBUG [InitEMailTargets success - total: 1]
2020-02-24 23:17:42 DEBUG [InitFmtTargets success - total: 0]
2020-02-24 23:17:42 DEBUG [InitLogger success - total: 3]
2020-02-24 23:18:18 DEBUG [*******************New Begin***********************]
2020-02-24 23:18:18 DEBUG [devfeel.dotlog [0.9.4] InitConfig success]
2020-02-24 23:18:18 DEBUG [RegisterUserVar success - total: 7]
2020-02-24 23:18:18 DEBUG [InitFileTargets success - total: 1]
2020-02-24 23:18:18 DEBUG [InitUdpTargets success - total: 1]
2020-02-24 23:18:18 DEBUG [InitHttpTargets success - total: 1]
2020-02-24 23:18:18 DEBUG [InitEMailTargets success - total: 1]
2020-02-24 23:18:18 DEBUG [InitFmtTargets success - total: 0]
2020-02-24 23:18:18 DEBUG [InitLogger success - total: 3]
2020-02-24 23:20:04 DEBUG [*******************New Begin***********************]
2020-02-24 23:20:04 DEBUG [devfeel.dotlog [0.9.4] InitConfig success]
2020-02-24 23:20:04 DEBUG [RegisterUserVar success - total: 7]
2020-02-24 23:20:04 DEBUG [InitFileTargets success - total: 1]
2020-02-24 23:20:04 DEBUG [InitUdpTargets success - total: 1]
2020-02-24 23:20:04 DEBUG [InitHttpTargets success - total: 1]
2020-02-24 23:20:04 DEBUG [InitEMailTargets success - total: 1]
2020-02-24 23:20:04 DEBUG [InitFmtTargets success - total: 0]
2020-02-24 23:20:04 DEBUG [InitLogger success - total: 3]
2020-02-24 23:20:16 DEBUG [*******************New Begin***********************]
2020-02-24 23:20:16 DEBUG [devfeel.dotlog [0.9.4] InitConfig success]
2020-02-24 23:20:16 DEBUG [RegisterUserVar success - total: 7]
2020-02-24 23:20:16 DEBUG [InitFileTargets success - total: 1]
2020-02-24 23:20:16 DEBUG [InitUdpTargets success - total: 1]
2020-02-24 23:20:16 DEBUG [InitHttpTargets success - total: 1]
2020-02-24 23:20:16 DEBUG [InitEMailTargets success - total: 1]
2020-02-24 23:20:16 DEBUG [InitFmtTargets success - total: 0]
2020-02-24 23:20:16 DEBUG [InitLogger success - total: 3]
2020-02-24 23:20:55 DEBUG [*******************New Begin***********************]
2020-02-24 23:20:55 DEBUG [devfeel.dotlog [0.9.4] InitConfig success]
2020-02-24 23:20:55 DEBUG [RegisterUserVar success - total: 7]
2020-02-24 23:20:55 DEBUG [InitFileTargets success - total: 1]
2020-02-24 23:20:55 DEBUG [InitUdpTargets success - total: 1]
2020-02-24 23:20:55 DEBUG [InitHttpTargets success - total: 1]
2020-02-24 23:20:55 DEBUG [InitEMailTargets success - total: 1]
2020-02-24 23:20:55 DEBUG [InitFmtTargets success - total: 0]
2020-02-24 23:20:55 DEBUG [InitLogger success - total: 3]
2020-02-24 23:21:08 DEBUG [*******************New Begin***********************]
2020-02-24 23:21:08 DEBUG [devfeel.dotlog [0.9.4] InitConfig success]
2020-02-24 23:21:08 DEBUG [RegisterUserVar success - total: 7]
2020-02-24 23:21:08 DEBUG [InitFileTargets success - total: 1]
2020-02-24 23:21:08 DEBUG [InitUdpTargets success - total: 1]
2020-02-24 23:21:08 DEBUG [InitHttpTargets success - total: 1]
2020-02-24 23:21:08 DEBUG [InitEMailTargets success - total: 1]
2020-02-24 23:21:08 DEBUG [InitFmtTargets success - total: 0]
2020-02-24 23:21:08 DEBUG [InitLogger success - total: 3]
2020-02-24 23:21:19 DEBUG [*******************New Begin***********************]
2020-02-24 23:21:19 DEBUG [devfeel.dotlog [0.9.4] InitConfig success]
2020-02-24 23:21:19 DEBUG [RegisterUserVar success - total: 7]
2020-02-24 23:21:19 DEBUG [InitFileTargets success - total: 1]
2020-02-24 23:21:19 DEBUG [InitUdpTargets success - total: 1]
2020-02-24 23:21:19 DEBUG [InitHttpTargets success - total: 1]
2020-02-24 23:21:19 DEBUG [InitEMailTargets success - total: 1]
2020-02-24 23:21:19 DEBUG [InitFmtTargets success - total: 0]
2020-02-24 23:21:19 DEBUG [InitLogger success - total: 3]
2020-02-24 23:24:23 DEBUG [*******************New Begin***********************]
2020-02-24 23:24:23 DEBUG [devfeel.dotlog [0.9.4] InitConfig success]
2020-02-24 23:24:23 DEBUG [RegisterUserVar success - total: 7]
2020-02-24 23:24:23 DEBUG [InitFileTargets success - total: 1]
2020-02-24 23:24:23 DEBUG [InitUdpTargets success - total: 1]
2020-02-24 23:24:23 DEBUG [InitHttpTargets success - total: 1]
2020-02-24 23:24:23 DEBUG [InitEMailTargets success - total: 1]
2020-02-24 23:24:23 DEBUG [InitFmtTargets success - total: 0]
2020-02-24 23:24:23 DEBUG [InitLogger success - total: 3]
2020-02-24 23:25:55 DEBUG [*******************New Begin***********************]
2020-02-24 23:25:55 DEBUG [devfeel.dotlog [0.9.4] InitConfig success]
2020-02-24 23:25:55 DEBUG [RegisterUserVar success - total: 7]
2020-02-24 23:25:55 DEBUG [InitFileTargets success - total: 1]
2020-02-24 23:25:55 DEBUG [InitUdpTargets success - total: 1]
2020-02-24 23:25:55 DEBUG [InitHttpTargets success - total: 1]
2020-02-24 23:25:55 DEBUG [InitEMailTargets success - total: 1]
2020-02-24 23:25:55 DEBUG [InitFmtTargets success - total: 0]
2020-02-24 23:25:55 DEBUG [InitLogger success - total: 3]
2020-02-24 23:26:35 DEBUG [*******************New Begin***********************]
2020-02-24 23:26:35 DEBUG [devfeel.dotlog [0.9.4] InitConfig success]
2020-02-24 23:26:35 DEBUG [RegisterUserVar success - total: 7]
2020-02-24 23:26:35 DEBUG [InitFileTargets success - total: 1]
2020-02-24 23:26:35 DEBUG [InitUdpTargets success - total: 1]
2020-02-24 23:26:35 DEBUG [InitHttpTargets success - total: 1]
2020-02-24 23:26:35 DEBUG [InitEMailTargets success - total: 1]
2020-02-24 23:26:35 DEBUG [InitFmtTargets success - total: 0]
2020-02-24 23:26:35 DEBUG [InitLogger success - total: 3]
2020-02-24 23:27:56 DEBUG [*******************New Begin***********************]
2020-02-24 23:27:56 DEBUG [devfeel.dotlog [0.9.4] InitConfig success]
2020-02-24 23:27:56 DEBUG [RegisterUserVar success - total: 7]
2020-02-24 23:27:56 DEBUG [InitFileTargets success - total: 1]
2020-02-24 23:27:56 DEBUG [InitUdpTargets success - total: 1]
2020-02-24 23:27:56 DEBUG [InitHttpTargets success - total: 1]
2020-02-24 23:27:56 DEBUG [InitEMailTargets success - total: 1]
2020-02-24 23:27:56 DEBUG [InitFmtTargets success - total: 0]
2020-02-24 23:27:56 DEBUG [InitLogger success - total: 3]
2020-02-25 13:30:23 DEBUG [*******************New Begin***********************]
2020-02-25 13:30:23 DEBUG [devfeel.dotlog [0.9.4] InitConfig success]
2020-02-25 13:30:23 DEBUG [RegisterUserVar success - total: 7]
2020-02-25 13:30:23 DEBUG [InitFileTargets success - total: 1]
2020-02-25 13:30:23 DEBUG [InitUdpTargets success - total: 1]
2020-02-25 13:30:23 DEBUG [InitHttpTargets success - total: 1]
2020-02-25 13:30:23 DEBUG [InitEMailTargets success - total: 1]
2020-02-25 13:30:23 DEBUG [InitFmtTargets success - total: 0]
2020-02-25 13:30:23 DEBUG [InitLogger success - total: 3]
2020-02-25 13:33:14 DEBUG [*******************New Begin***********************]
2020-02-25 13:33:14 DEBUG [devfeel.dotlog [0.9.4] InitConfig success]
2020-02-25 13:33:14 DEBUG [RegisterUserVar success - total: 7]
2020-02-25 13:33:14 DEBUG [InitFileTargets success - total: 1]
2020-02-25 13:33:14 DEBUG [InitUdpTargets success - total: 1]
2020-02-25 13:33:14 DEBUG [InitHttpTargets success - total: 1]
2020-02-25 13:33:14 DEBUG [InitEMailTargets success - total: 1]
2020-02-25 13:33:14 DEBUG [InitFmtTargets success - total: 0]
2020-02-25 13:33:14 DEBUG [InitLogger success - total: 3]
2020-02-25 14:20:44 DEBUG [*******************New Begin***********************]
2020-02-25 14:20:44 DEBUG [devfeel.dotlog [0.9.4] InitConfig success]
2020-02-25 14:20:44 DEBUG [RegisterUserVar success - total: 7]
2020-02-25 14:20:44 DEBUG [InitFileTargets success - total: 1]
2020-02-25 14:20:44 DEBUG [InitUdpTargets success - total: 1]
2020-02-25 14:20:44 DEBUG [InitHttpTargets success - total: 1]
2020-02-25 14:20:44 DEBUG [InitEMailTargets success - total: 1]
2020-02-25 14:20:44 DEBUG [InitFmtTargets success - total: 0]
2020-02-25 14:20:44 DEBUG [InitLogger success - total: 3]
2020-02-25 14:22:38 DEBUG [*******************New Begin***********************]
2020-02-25 14:22:38 DEBUG [devfeel.dotlog [0.9.4] InitConfig success]
2020-02-25 14:22:38 DEBUG [RegisterUserVar success - total: 7]
2020-02-25 14:22:38 DEBUG [InitFileTargets success - total: 1]
2020-02-25 14:22:38 DEBUG [InitUdpTargets success - total: 1]
2020-02-25 14:22:38 DEBUG [InitHttpTargets success - total: 1]
2020-02-25 14:22:38 DEBUG [InitEMailTargets success - total: 1]
2020-02-25 14:22:38 DEBUG [InitFmtTargets success - total: 0]
2020-02-25 14:22:38 DEBUG [InitLogger success - total: 3]
2020-02-25 14:23:12 DEBUG [*******************New Begin***********************]
2020-02-25 14:23:12 DEBUG [devfeel.dotlog [0.9.4] InitConfig success]
2020-02-25 14:23:12 DEBUG [RegisterUserVar success - total: 7]
2020-02-25 14:23:12 DEBUG [InitFileTargets success - total: 1]
2020-02-25 14:23:12 DEBUG [InitUdpTargets success - total: 1]
2020-02-25 14:23:12 DEBUG [InitHttpTargets success - total: 1]
2020-02-25 14:23:12 DEBUG [InitEMailTargets success - total: 1]
2020-02-25 14:23:12 DEBUG [InitFmtTargets success - total: 0]
2020-02-25 14:23:12 DEBUG [InitLogger success - total: 3]
2020-02-25 14:23:28 DEBUG [*******************New Begin***********************]
2020-02-25 14:23:28 DEBUG [devfeel.dotlog [0.9.4] InitConfig success]
2020-02-25 14:23:28 DEBUG [RegisterUserVar success - total: 7]
2020-02-25 14:23:28 DEBUG [InitFileTargets success - total: 1]
2020-02-25 14:23:28 DEBUG [InitUdpTargets success - total: 1]
2020-02-25 14:23:28 DEBUG [InitHttpTargets success - total: 1]
2020-02-25 14:23:28 DEBUG [InitEMailTargets success - total: 1]
2020-02-25 14:23:28 DEBUG [InitFmtTargets success - total: 0]
2020-02-25 14:23:28 DEBUG [InitLogger success - total: 3]
2020-02-25 14:30:40 DEBUG [*******************New Begin***********************]
2020-02-25 14:30:40 DEBUG [devfeel.dotlog [0.9.4] InitConfig success]
2020-02-25 14:30:40 DEBUG [RegisterUserVar success - total: 7]
2020-02-25 14:30:40 DEBUG [InitFileTargets success - total: 1]
2020-02-25 14:30:40 DEBUG [InitUdpTargets success - total: 1]
2020-02-25 14:30:40 DEBUG [InitHttpTargets success - total: 1]
2020-02-25 14:30:40 DEBUG [InitEMailTargets success - total: 1]
2020-02-25 14:30:40 DEBUG [InitFmtTargets success - total: 0]
2020-02-25 14:30:40 DEBUG [InitLogger success - total: 3]
2020-02-25 14:31:09 DEBUG [*******************New Begin***********************]
2020-02-25 14:31:10 DEBUG [devfeel.dotlog [0.9.4] InitConfig success]
2020-02-25 14:31:10 DEBUG [RegisterUserVar success - total: 7]
2020-02-25 14:31:10 DEBUG [InitFileTargets success - total: 1]
2020-02-25 14:31:10 DEBUG [InitUdpTargets success - total: 1]
2020-02-25 14:31:10 DEBUG [InitHttpTargets success - total: 1]
2020-02-25 14:31:10 DEBUG [InitEMailTargets success - total: 1]
2020-02-25 14:31:10 DEBUG [InitFmtTargets success - total: 0]
2020-02-25 14:31:10 DEBUG [InitLogger success - total: 3]
2020-02-25 16:11:52 DEBUG [*******************New Begin***********************]
2020-02-25 16:11:52 DEBUG [devfeel.dotlog [0.9.4] InitConfig success]
2020-02-25 16:11:52 DEBUG [RegisterUserVar success - total: 7]
2020-02-25 16:11:52 DEBUG [InitFileTargets success - total: 1]
2020-02-25 16:11:52 DEBUG [InitUdpTargets success - total: 1]
2020-02-25 16:11:52 DEBUG [InitHttpTargets success - total: 1]
2020-02-25 16:11:52 DEBUG [InitEMailTargets success - total: 1]
2020-02-25 16:11:52 DEBUG [InitFmtTargets success - total: 0]
2020-02-25 16:11:52 DEBUG [InitLogger success - total: 3]
2020-02-25 16:13:13 DEBUG [*******************New Begin***********************]
2020-02-25 16:13:13 DEBUG [devfeel.dotlog [0.9.4] InitConfig success]
2020-02-25 16:13:13 DEBUG [RegisterUserVar success - total: 7]
2020-02-25 16:13:13 DEBUG [InitFileTargets success - total: 1]
2020-02-25 16:13:13 DEBUG [InitUdpTargets success - total: 1]
2020-02-25 16:13:13 DEBUG [InitHttpTargets success - total: 1]
2020-02-25 16:13:13 DEBUG [InitEMailTargets success - total: 1]
2020-02-25 16:13:13 DEBUG [InitFmtTargets success - total: 0]
2020-02-25 16:13:13 DEBUG [InitLogger success - total: 3]
2020-02-25 16:14:51 DEBUG [*******************New Begin***********************]
2020-02-25 16:14:51 DEBUG [devfeel.dotlog [0.9.4] InitConfig success]
2020-02-25 16:14:51 DEBUG [RegisterUserVar success - total: 7]
2020-02-25 16:14:51 DEBUG [InitFileTargets success - total: 1]
2020-02-25 16:14:51 DEBUG [InitUdpTargets success - total: 1]
2020-02-25 16:14:51 DEBUG [InitHttpTargets success - total: 1]
2020-02-25 16:14:51 DEBUG [InitEMailTargets success - total: 1]
2020-02-25 16:14:51 DEBUG [InitFmtTargets success - total: 0]
2020-02-25 16:14:51 DEBUG [InitLogger success - total: 3]
2020-02-25 16:37:37 DEBUG [*******************New Begin***********************]
2020-02-25 16:37:37 DEBUG [devfeel.dotlog [0.9.4] InitConfig success]
2020-02-25 16:37:37 DEBUG [RegisterUserVar success - total: 7]
2020-02-25 16:37:37 DEBUG [InitFileTargets success - total: 1]
2020-02-25 16:37:37 DEBUG [InitUdpTargets success - total: 1]
2020-02-25 16:37:37 DEBUG [InitHttpTargets success - total: 1]
2020-02-25 16:37:37 DEBUG [InitEMailTargets success - total: 1]
2020-02-25 16:37:37 DEBUG [InitFmtTargets success - total: 0]
2020-02-25 16:37:37 DEBUG [InitLogger success - total: 3]
2020-02-25 17:47:00 DEBUG [*******************New Begin***********************]
2020-02-25 17:47:00 DEBUG [devfeel.dotlog [0.9.4] InitConfig success]
2020-02-25 17:47:00 DEBUG [RegisterUserVar success - total: 7]
2020-02-25 17:47:00 DEBUG [InitFileTargets success - total: 1]
2020-02-25 17:47:00 DEBUG [InitUdpTargets success - total: 1]
2020-02-25 17:47:00 DEBUG [InitHttpTargets success - total: 1]
2020-02-25 17:47:00 DEBUG [InitEMailTargets success - total: 1]
2020-02-25 17:47:00 DEBUG [InitFmtTargets success - total: 0]
2020-02-25 17:47:00 DEBUG [InitLogger success - total: 3]
2020-02-25 17:55:21 DEBUG [*******************New Begin***********************]
2020-02-25 17:55:21 DEBUG [devfeel.dotlog [0.9.4] InitConfig success]
2020-02-25 17:55:21 DEBUG [RegisterUserVar success - total: 7]
2020-02-25 17:55:21 DEBUG [InitFileTargets success - total: 1]
2020-02-25 17:55:21 DEBUG [InitUdpTargets success - total: 1]
2020-02-25 17:55:21 DEBUG [InitHttpTargets success - total: 1]
2020-02-25 17:55:21 DEBUG [InitEMailTargets success - total: 1]
2020-02-25 17:55:21 DEBUG [InitFmtTargets success - total: 0]
2020-02-25 17:55:21 DEBUG [InitLogger success - total: 3]
2020-02-25 17:57:02 DEBUG [*******************New Begin***********************]
2020-02-25 17:57:02 DEBUG [devfeel.dotlog [0.9.4] InitConfig success]
2020-02-25 17:57:02 DEBUG [RegisterUserVar success - total: 7]
2020-02-25 17:57:02 DEBUG [InitFileTargets success - total: 1]
2020-02-25 17:57:02 DEBUG [InitUdpTargets success - total: 1]
2020-02-25 17:57:02 DEBUG [InitHttpTargets success - total: 1]
2020-02-25 17:57:02 DEBUG [InitEMailTargets success - total: 1]
2020-02-25 17:57:02 DEBUG [InitFmtTargets success - total: 0]
2020-02-25 17:57:02 DEBUG [InitLogger success - total: 3]
2020-02-25 17:58:41 DEBUG [*******************New Begin***********************]
2020-02-25 17:58:41 DEBUG [devfeel.dotlog [0.9.4] InitConfig success]
2020-02-25 17:58:41 DEBUG [RegisterUserVar success - total: 7]
2020-02-25 17:58:41 DEBUG [InitFileTargets success - total: 1]
2020-02-25 17:58:41 DEBUG [InitUdpTargets success - total: 1]
2020-02-25 17:58:41 DEBUG [InitHttpTargets success - total: 1]
2020-02-25 17:58:41 DEBUG [InitEMailTargets success - total: 1]
2020-02-25 17:58:41 DEBUG [InitFmtTargets success - total: 0]
2020-02-25 17:58:41 DEBUG [InitLogger success - total: 3]
2020-02-25 18:01:27 DEBUG [*******************New Begin***********************]
2020-02-25 18:01:27 DEBUG [devfeel.dotlog [0.9.4] InitConfig success]
2020-02-25 18:01:27 DEBUG [RegisterUserVar success - total: 7]
2020-02-25 18:01:27 DEBUG [InitFileTargets success - total: 1]
2020-02-25 18:01:27 DEBUG [InitUdpTargets success - total: 1]
2020-02-25 18:01:27 DEBUG [InitHttpTargets success - total: 1]
2020-02-25 18:01:27 DEBUG [InitEMailTargets success - total: 1]
2020-02-25 18:01:27 DEBUG [InitFmtTargets success - total: 0]
2020-02-25 18:01:27 DEBUG [InitLogger success - total: 3]
2020-02-25 18:56:08 DEBUG [*******************New Begin***********************]
2020-02-25 18:56:08 DEBUG [devfeel.dotlog [0.9.4] InitConfig success]
2020-02-25 18:56:08 DEBUG [RegisterUserVar success - total: 7]
2020-02-25 18:56:08 DEBUG [InitFileTargets success - total: 1]
2020-02-25 18:56:08 DEBUG [InitUdpTargets success - total: 1]
2020-02-25 18:56:08 DEBUG [InitHttpTargets success - total: 1]
2020-02-25 18:56:08 DEBUG [InitEMailTargets success - total: 1]
2020-02-25 18:56:08 DEBUG [InitFmtTargets success - total: 0]
2020-02-25 18:56:08 DEBUG [InitLogger success - total: 3]
